TN:
SF:src/config.js
FNF:0
FNH:0
DA:1,8
LF:1
LH:1
BRF:0
BRH:0
end_of_record
TN:
SF:src/main.js
FN:14,initPreferences
FN:26,init
FN:33,(anonymous_2)
FN:35,(anonymous_3)
FN:36,(anonymous_4)
FN:37,(anonymous_5)
FN:40,(anonymous_6)
FNF:7
FNH:1
FNDA:0,initPreferences
FNDA:1,init
FNDA:0,(anonymous_2)
FNDA:0,(anonymous_3)
FNDA:0,(anonymous_4)
FNDA:0,(anonymous_5)
FNDA:0,(anonymous_6)
DA:15,0
DA:16,0
DA:17,0
DA:18,0
DA:19,0
DA:20,0
DA:27,1
DA:29,1
DA:31,0
DA:33,0
DA:35,0
DA:36,0
DA:37,0
DA:40,0
DA:41,0
DA:42,0
DA:45,0
DA:49,1
DA:50,0
DA:52,1
LF:20
LH:4
BRDA:29,0,0,1
BRDA:29,0,1,0
BRDA:49,1,0,0
BRDA:49,1,1,1
BRF:4
BRH:2
end_of_record
TN:
SF:src/components/AppShell.js
FN:9,(anonymous_0)
FN:199,(anonymous_1)
FN:203,(anonymous_2)
FN:208,(anonymous_3)
FN:214,(anonymous_4)
FN:219,(anonymous_5)
FN:225,(anonymous_6)
FN:230,(anonymous_7)
FN:235,(anonymous_8)
FN:244,(anonymous_9)
FN:251,(anonymous_10)
FN:252,(anonymous_11)
FN:295,(anonymous_12)
FNF:13
FNH:7
FNDA:16,(anonymous_0)
FNDA:103,(anonymous_1)
FNDA:0,(anonymous_2)
FNDA:0,(anonymous_3)
FNDA:0,(anonymous_4)
FNDA:3,(anonymous_5)
FNDA:40,(anonymous_6)
FNDA:1,(anonymous_7)
FNDA:1,(anonymous_8)
FNDA:0,(anonymous_9)
FNDA:0,(anonymous_10)
FNDA:0,(anonymous_11)
FNDA:12,(anonymous_12)
DA:7,16
DA:10,16
DA:11,16
DA:12,16
DA:13,16
DA:17,16
DA:178,16
DA:179,16
DA:180,16
DA:181,16
DA:182,16
DA:183,16
DA:184,16
DA:185,16
DA:189,16
DA:190,0
DA:191,0
DA:193,16
DA:194,16
DA:199,16
DA:200,103
DA:203,16
DA:204,0
DA:208,16
DA:209,0
DA:210,0
DA:214,16
DA:215,0
DA:219,16
DA:220,3
DA:221,3
DA:225,16
DA:226,40
DA:230,16
DA:231,1
DA:235,16
DA:236,1
DA:237,1
DA:238,1
DA:243,0
DA:244,0
DA:245,0
DA:251,0
DA:252,0
DA:253,0
DA:254,0
DA:255,0
DA:256,0
DA:257,0
DA:259,0
DA:260,0
DA:266,103
DA:270,103
DA:271,88
DA:272,88
DA:275,103
DA:276,103
DA:278,49
DA:279,49
DA:281,48
DA:282,48
DA:284,6
DA:285,6
DA:288,103
DA:289,103
DA:290,103
DA:291,103
DA:296,12
DA:297,12
DA:298,12
DA:299,7
DA:304,4
LF:72
LH:54
BRDA:189,0,0,0
BRDA:189,0,1,16
BRDA:255,1,0,0
BRDA:255,1,1,0
BRDA:270,2,0,88
BRDA:270,2,1,15
BRDA:276,3,0,49
BRDA:276,3,1,48
BRDA:276,3,2,6
BRDA:288,4,0,103
BRDA:288,4,1,0
BRDA:298,5,0,7
BRDA:298,5,1,5
BRF:13
BRH:9
end_of_record
TN:
SF:src/components/NavLink.js
FN:4,(anonymous_0)
FN:8,(anonymous_1)
FN:14,(anonymous_2)
FN:21,(anonymous_3)
FN:53,(anonymous_4)
FNF:5
FNH:4
FNDA:5,(anonymous_0)
FNDA:25,(anonymous_1)
FNDA:25,(anonymous_2)
FNDA:24,(anonymous_3)
FNDA:0,(anonymous_4)
DA:2,25
DA:5,5
DA:9,25
DA:10,25
DA:11,25
DA:15,25
DA:16,25
DA:17,25
DA:22,24
DA:23,24
DA:24,24
DA:28,74
DA:51,74
DA:54,0
DA:55,0
DA:56,0
DA:64,24
DA:65,24
DA:66,24
DA:71,5
LF:20
LH:17
BRDA:15,0,0,25
BRDA:15,0,1,0
BRDA:15,1,0,25
BRDA:15,1,1,25
BRDA:16,2,0,25
BRDA:16,2,1,0
BRDA:22,3,0,24
BRDA:22,3,1,0
BRDA:65,4,0,24
BRDA:65,4,1,0
BRF:10
BRH:6
end_of_record
TN:
SF:src/components/TodoInput.js
FN:8,(anonymous_0)
FN:15,(anonymous_1)
FN:19,(anonymous_2)
FN:26,(anonymous_3)
FN:31,(anonymous_4)
FN:84,(anonymous_5)
FN:91,(anonymous_6)
FNF:7
FNH:6
FNDA:0,(anonymous_0)
FNDA:1,(anonymous_1)
FNDA:1,(anonymous_2)
FNDA:25,(anonymous_3)
FNDA:27,(anonymous_4)
FNDA:2,(anonymous_5)
FNDA:3,(anonymous_6)
DA:9,0
DA:13,25
DA:16,1
DA:20,1
DA:21,1
DA:22,1
DA:27,25
DA:28,25
DA:32,27
DA:36,25
DA:40,27
DA:42,27
DA:81,27
DA:82,27
DA:84,27
DA:85,2
DA:86,1
DA:87,1
DA:91,27
DA:92,3
DA:93,2
DA:99,3
DA:100,3
DA:102,3
DA:103,3
DA:104,3
DA:114,5
LF:27
LH:26
BRDA:21,0,0,1
BRDA:21,0,1,0
BRDA:40,1,0,27
BRDA:40,1,1,26
BRDA:85,2,0,1
BRDA:85,2,1,1
BRDA:85,3,0,2
BRDA:85,3,1,2
BRDA:92,4,0,2
BRDA:92,4,1,1
BRDA:100,5,0,0
BRDA:100,5,1,3
BRF:12
BRH:10
end_of_record
TN:
SF:src/components/TodoItem.js
FN:9,(anonymous_0)
FN:14,(anonymous_1)
FN:18,(anonymous_2)
FN:22,(anonymous_3)
FN:89,(anonymous_4)
FN:99,(anonymous_5)
FNF:6
FNH:6
FNDA:10,(anonymous_0)
FNDA:10,(anonymous_1)
FNDA:5,(anonymous_2)
FNDA:22,(anonymous_3)
FNDA:1,(anonymous_4)
FNDA:1,(anonymous_5)
DA:10,10
DA:11,10
DA:15,10
DA:19,5
DA:23,22
DA:24,22
DA:29,10
DA:33,32
DA:34,32
DA:35,32
DA:37,32
DA:85,32
DA:86,32
DA:87,32
DA:89,32
DA:90,1
DA:99,32
DA:100,1
DA:111,5
LF:19
LH:19
BRDA:23,0,0,22
BRDA:23,0,1,0
BRDA:33,1,0,32
BRDA:33,1,1,4
BRDA:35,2,0,32
BRDA:35,2,1,18
BRDA:79,3,0,5
BRDA:79,3,1,27
BRDA:80,4,0,5
BRDA:80,4,1,27
BRF:10
BRH:9
end_of_record
TN:
SF:src/components/TodoList.js
FN:9,(anonymous_0)
FN:14,(anonymous_1)
FN:18,(anonymous_2)
FN:22,(anonymous_3)
FN:63,(anonymous_4)
FNF:5
FNH:5
FNDA:27,(anonymous_0)
FNDA:29,(anonymous_1)
FNDA:5,(anonymous_2)
FNDA:19,(anonymous_3)
FNDA:1,(anonymous_4)
DA:10,27
DA:11,27
DA:15,29
DA:19,5
DA:23,19
DA:24,19
DA:29,27
DA:33,49
DA:34,49
DA:36,49
DA:38,49
DA:47,49
DA:49,49
DA:50,16
DA:51,16
DA:52,16
DA:53,16
DA:55,16
DA:64,1
DA:65,1
DA:69,5
LF:21
LH:21
BRDA:23,0,0,19
BRDA:23,0,1,0
BRDA:33,1,0,49
BRDA:33,1,1,9
BRDA:34,2,0,49
BRDA:34,2,1,2
BRF:6
BRH:5
end_of_record
TN:
SF:src/factory/todoFactory.js
FN:23,todoFactory
FN:29,isStorageEnabled
FN:36,loadFromStorage
FN:51,saveToStorage
FN:61,syncWithAPI
FN:66,(anonymous_5)
FN:69,(anonymous_6)
FN:72,(anonymous_7)
FN:80,(anonymous_8)
FN:100,refresh
FN:105,markOnline
FN:110,initOnlineListener
FN:113,(anonymous_12)
FN:125,(anonymous_13)
FN:153,(anonymous_14)
FN:172,(anonymous_15)
FN:180,(anonymous_16)
FN:203,(anonymous_17)
FN:204,(anonymous_18)
FN:225,(anonymous_19)
FN:226,(anonymous_20)
FN:232,(anonymous_21)
FN:244,(anonymous_22)
FN:256,(anonymous_23)
FN:267,(anonymous_24)
FN:276,(anonymous_25)
FNF:26
FNH:18
FNDA:81,todoFactory
FNDA:117,isStorageEnabled
FNDA:27,loadFromStorage
FNDA:90,saveToStorage
FNDA:0,syncWithAPI
FNDA:0,(anonymous_5)
FNDA:0,(anonymous_6)
FNDA:0,(anonymous_7)
FNDA:0,(anonymous_8)
FNDA:27,refresh
FNDA:0,markOnline
FNDA:81,initOnlineListener
FNDA:0,(anonymous_12)
FNDA:24,(anonymous_13)
FNDA:27,(anonymous_14)
FNDA:20,(anonymous_15)
FNDA:2,(anonymous_16)
FNDA:8,(anonymous_17)
FNDA:8,(anonymous_18)
FNDA:3,(anonymous_19)
FNDA:5,(anonymous_20)
FNDA:5,(anonymous_21)
FNDA:23,(anonymous_22)
FNDA:22,(anonymous_23)
FNDA:0,(anonymous_24)
FNDA:1,(anonymous_25)
DA:25,81
DA:27,81
DA:30,117
DA:37,27
DA:38,27
DA:39,27
DA:40,27
DA:41,5
DA:52,90
DA:53,90
DA:62,0
DA:64,0
DA:65,0
DA:66,0
DA:69,0
DA:72,0
DA:73,0
DA:74,0
DA:75,0
DA:80,0
DA:81,0
DA:82,0
DA:83,0
DA:84,0
DA:90,0
DA:93,0
DA:101,27
DA:102,23
DA:106,0
DA:107,0
DA:111,81
DA:112,81
DA:113,81
DA:117,81
DA:119,81
DA:126,24
DA:133,24
DA:134,24
DA:136,24
DA:137,24
DA:138,24
DA:139,24
DA:140,24
DA:142,0
DA:145,24
DA:154,27
DA:156,27
DA:157,27
DA:158,27
DA:159,23
DA:161,4
DA:165,27
DA:173,20
DA:181,2
DA:182,2
DA:183,1
DA:184,1
DA:185,1
DA:189,2
DA:190,2
DA:191,2
DA:193,0
DA:204,8
DA:205,8
DA:206,7
DA:207,7
DA:208,7
DA:210,7
DA:211,7
DA:212,7
DA:213,7
DA:214,7
DA:216,0
DA:219,7
DA:226,5
DA:227,3
DA:228,3
DA:229,1
DA:232,5
DA:233,3
DA:235,3
DA:236,0
DA:245,23
DA:246,23
DA:247,4
DA:249,23
DA:257,22
DA:258,22
DA:259,2
DA:261,22
DA:268,0
DA:269,0
DA:277,1
DA:278,1
DA:279,1
LF:95
LH:71
BRDA:37,0,0,0
BRDA:37,0,1,27
BRDA:40,1,0,5
BRDA:40,1,1,22
BRDA:40,2,0,27
BRDA:40,2,1,19
BRDA:52,3,0,0
BRDA:52,3,1,90
BRDA:62,4,0,0
BRDA:62,4,1,0
BRDA:74,5,0,0
BRDA:74,5,1,0
BRDA:102,6,0,0
BRDA:102,6,1,23
BRDA:111,7,0,81
BRDA:111,7,1,0
BRDA:111,8,0,81
BRDA:111,8,1,81
BRDA:136,9,0,24
BRDA:136,9,1,0
BRDA:136,10,0,24
BRDA:136,10,1,24
BRDA:156,11,0,27
BRDA:156,11,1,0
BRDA:156,12,0,27
BRDA:156,12,1,27
BRDA:182,13,0,1
BRDA:182,13,1,1
BRDA:189,14,0,2
BRDA:189,14,1,0
BRDA:189,15,0,2
BRDA:189,15,1,2
BRDA:205,16,0,1
BRDA:205,16,1,7
BRDA:210,17,0,7
BRDA:210,17,1,0
BRDA:210,18,0,7
BRDA:210,18,1,7
BRDA:227,19,0,3
BRDA:227,19,1,0
BRDA:235,20,0,0
BRDA:235,20,1,3
BRDA:247,21,0,3
BRDA:247,21,1,1
BRDA:259,22,0,1
BRDA:259,22,1,1
BRDA:268,23,0,0
BRDA:268,23,1,0
BRF:48
BRH:32
end_of_record
TN:
SF:src/pages/about/PageAbout.js
FN:2,(anonymous_0)
FNF:1
FNH:1
FNDA:50,(anonymous_0)
DA:3,50
DA:4,50
DA:5,50
DA:9,50
DA:56,3
LF:5
LH:5
BRF:0
BRH:0
end_of_record
TN:
SF:src/pages/settings/PageSettings.js
FN:9,(anonymous_0)
FN:18,(anonymous_1)
FN:39,(anonymous_2)
FN:84,(anonymous_3)
FNF:4
FNH:4
FNDA:18,(anonymous_0)
FNDA:6,(anonymous_1)
FNDA:2,(anonymous_2)
FNDA:6,(anonymous_3)
DA:7,18
DA:10,18
DA:11,18
DA:12,18
DA:13,18
DA:14,18
DA:18,18
DA:19,6
DA:20,6
DA:21,3
DA:22,3
DA:25,3
DA:26,3
DA:27,3
DA:28,1
DA:29,1
DA:32,2
DA:33,2
DA:34,1
DA:35,1
DA:39,18
DA:40,2
DA:41,2
DA:43,2
DA:44,2
DA:47,2
DA:48,0
DA:49,0
DA:50,0
DA:53,2
DA:56,2
DA:57,2
DA:58,2
DA:59,2
DA:62,0
DA:63,0
DA:68,0
DA:69,0
DA:70,0
DA:71,0
DA:73,0
DA:74,0
DA:75,0
DA:76,0
DA:78,0
DA:80,0
DA:84,18
DA:85,6
DA:86,6
DA:87,6
DA:88,1
DA:89,1
DA:92,5
DA:93,5
DA:94,0
DA:95,0
DA:96,0
DA:97,0
DA:98,0
DA:99,0
DA:105,18
DA:106,18
DA:108,18
DA:319,3
LF:64
LH:43
BRDA:20,0,0,3
BRDA:20,0,1,3
BRDA:27,1,0,1
BRDA:27,1,1,2
BRDA:33,2,0,1
BRDA:33,2,1,1
BRDA:41,3,0,0
BRDA:41,3,1,2
BRDA:47,4,0,0
BRDA:47,4,1,2
BRDA:48,5,0,0
BRDA:48,5,1,0
BRDA:53,6,0,0
BRDA:53,6,1,2
BRDA:56,7,0,2
BRDA:56,7,1,0
BRDA:56,8,0,2
BRDA:56,8,1,2
BRDA:68,9,0,0
BRDA:68,9,1,0
BRDA:73,10,0,0
BRDA:73,10,1,0
BRDA:87,11,0,1
BRDA:87,11,1,5
BRDA:93,12,0,0
BRDA:93,12,1,5
BRDA:105,13,0,18
BRDA:105,13,1,6
BRDA:106,14,0,18
BRDA:106,14,1,6
BRDA:265,15,0,18
BRDA:265,15,1,0
BRDA:275,16,0,18
BRDA:275,16,1,0
BRF:34
BRH:21
end_of_record
TN:
SF:src/pages/todo/PageTodo.js
FN:8,(anonymous_0)
FN:14,(anonymous_1)
FN:26,(anonymous_2)
FN:32,(anonymous_3)
FN:38,(anonymous_4)
FN:44,(anonymous_5)
FNF:6
FNH:2
FNDA:63,(anonymous_0)
FNDA:22,(anonymous_1)
FNDA:0,(anonymous_2)
FNDA:0,(anonymous_3)
FNDA:0,(anonymous_4)
FNDA:0,(anonymous_5)
DA:4,63
DA:5,63
DA:6,63
DA:9,63
DA:10,63
DA:11,63
DA:15,22
DA:16,20
DA:17,20
DA:21,20
DA:22,20
DA:26,63
DA:27,0
DA:28,0
DA:29,0
DA:32,63
DA:33,0
DA:34,0
DA:35,0
DA:38,63
DA:39,0
DA:40,0
DA:41,0
DA:44,63
DA:45,0
DA:47,0
DA:48,0
DA:49,0
DA:50,0
DA:51,0
DA:54,0
DA:55,0
DA:56,0
DA:57,0
DA:63,20
DA:65,20
DA:129,20
DA:133,0
DA:134,0
DA:135,0
DA:136,0
DA:138,0
DA:142,20
DA:143,20
DA:145,20
DA:146,20
DA:148,20
DA:149,20
DA:153,5
LF:49
LH:25
BRDA:15,0,0,2
BRDA:15,0,1,20
BRDA:48,1,0,0
BRDA:48,1,1,0
BRDA:55,2,0,0
BRDA:55,2,1,0
BRDA:117,3,0,20
BRDA:117,3,1,0
BRDA:118,4,0,0
BRDA:118,4,1,20
BRDA:119,5,0,0
BRDA:119,5,1,20
BRDA:135,6,0,0
BRDA:135,6,1,0
BRDA:146,7,0,20
BRDA:146,7,1,0
BRDA:149,8,0,0
BRDA:149,8,1,20
BRF:18
BRH:7
end_of_record
TN:
SF:src/service/apiService.js
FN:11,(anonymous_0)
FN:22,(anonymous_1)
FN:38,(anonymous_2)
FN:52,(anonymous_3)
FNF:4
FNH:4
FNDA:27,(anonymous_0)
FNDA:24,(anonymous_1)
FNDA:7,(anonymous_2)
FNDA:3,(anonymous_3)
DA:1,6
DA:6,6
DA:12,27
DA:13,27
DA:14,27
DA:23,24
DA:28,24
DA:29,24
DA:39,7
DA:44,7
DA:45,7
DA:53,3
DA:56,3
LF:13
LH:13
BRDA:13,0,0,0
BRDA:13,0,1,27
BRDA:28,1,0,0
BRDA:28,1,1,24
BRDA:44,2,0,0
BRDA:44,2,1,7
BRDA:56,3,0,0
BRDA:56,3,1,3
BRF:8
BRH:4
end_of_record
TN:
SF:src/service/preferencesService.js
FN:11,(anonymous_0)
FN:22,(anonymous_1)
FNF:2
FNH:0
FNDA:0,(anonymous_0)
FNDA:0,(anonymous_1)
DA:1,3
DA:6,3
DA:12,0
DA:13,0
DA:14,0
DA:23,0
DA:28,0
DA:29,0
LF:8
LH:2
BRDA:13,0,0,0
BRDA:13,0,1,0
BRDA:28,1,0,0
BRDA:28,1,1,0
BRF:4
BRH:0
end_of_record
TN:
SF:src/service/storageService.js
FN:22,(anonymous_0)
FN:36,(anonymous_1)
FN:44,(anonymous_2)
FN:52,(anonymous_3)
FNF:4
FNH:4
FNDA:31,(anonymous_0)
FNDA:93,(anonymous_1)
FNDA:1,(anonymous_2)
FNDA:1,(anonymous_3)
DA:3,8
DA:8,8
DA:10,8
DA:11,0
DA:15,8
DA:16,8
DA:23,31
DA:24,30
DA:25,30
DA:26,30
DA:28,1
DA:37,93
DA:38,92
DA:45,1
DA:46,1
DA:53,1
DA:57,8
LF:17
LH:16
BRDA:10,0,0,0
BRDA:10,0,1,8
BRDA:23,1,0,1
BRDA:23,1,1,30
BRDA:26,2,0,21
BRDA:26,2,1,9
BRDA:37,3,0,1
BRDA:37,3,1,92
BRDA:45,4,0,0
BRDA:45,4,1,1
BRF:10
BRH:8
end_of_record
TN:
SF:src/service/themeManager.js
FN:69,applyTheme
FN:84,(anonymous_1)
FN:88,(anonymous_2)
FN:94,(anonymous_3)
FN:98,(anonymous_4)
FN:100,(anonymous_5)
FN:106,(anonymous_6)
FN:112,(anonymous_7)
FN:117,(anonymous_8)
FNF:9
FNH:8
FNDA:60,applyTheme
FNDA:44,(anonymous_1)
FNDA:57,(anonymous_2)
FNDA:3,(anonymous_3)
FNDA:6,(anonymous_4)
FNDA:2,(anonymous_5)
FNDA:4,(anonymous_6)
FNDA:38,(anonymous_7)
FNDA:0,(anonymous_8)
DA:1,6
DA:64,6
DA:66,6
DA:67,6
DA:70,60
DA:71,60
DA:72,60
DA:73,60
DA:74,60
DA:75,1680
DA:77,60
DA:78,4
DA:80,60
DA:83,6
DA:85,44
DA:89,57
DA:90,56
DA:91,56
DA:95,3
DA:99,6
DA:100,6
DA:101,2
DA:102,2
DA:107,4
DA:108,4
DA:113,38
DA:118,0
LF:27
LH:26
BRDA:89,0,0,1
BRDA:89,0,1,56
BRDA:95,1,0,2
BRDA:95,1,1,1
BRDA:102,2,0,2
BRDA:102,2,1,0
BRDA:108,3,0,1
BRDA:108,3,1,3
BRDA:108,4,0,4
BRDA:108,4,1,2
BRF:10
BRH:9
end_of_record
TN:
SF:src/utils/router.js
FN:5,createRouter
FN:16,get
FN:23,start
FN:26,(anonymous_3)
FN:34,navigate
FN:43,handlePath
FN:72,back
FNF:7
FNH:6
FNDA:13,createRouter
FNDA:21,get
FNDA:10,start
FNDA:7,(anonymous_3)
FNDA:12,navigate
FNDA:29,handlePath
FNDA:0,back
DA:7,13
DA:8,13
DA:9,13
DA:17,21
DA:24,10
DA:25,10
DA:26,10
DA:27,10
DA:35,12
DA:36,12
DA:44,29
DA:45,25
DA:47,25
DA:49,25
DA:50,8
DA:51,10
DA:52,8
DA:53,8
DA:58,25
DA:59,25
DA:60,25
DA:63,0
DA:64,0
DA:65,0
DA:73,0
DA:76,13
DA:82,3
LF:27
LH:23
BRDA:24,0,0,0
BRDA:24,0,1,10
BRDA:44,1,0,4
BRDA:44,1,1,25
BRDA:49,2,0,8
BRDA:49,2,1,17
BRDA:49,3,0,25
BRDA:49,3,1,8
BRDA:51,4,0,8
BRDA:51,4,1,2
BRDA:58,5,0,25
BRDA:58,5,1,0
BRDA:63,6,0,0
BRDA:63,6,1,0
BRF:14
BRH:10
end_of_record
TN:
SF:src/utils/todoUtils.js
FN:7,generateId
FN:14,resetIdCounter
FN:24,addTodo
FN:38,toggleTodo
FN:39,(anonymous_4)
FN:50,deleteTodo
FN:51,(anonymous_6)
FN:60,filterTodos
FN:63,(anonymous_8)
FN:65,(anonymous_9)
FN:76,getCompletedCount
FN:77,(anonymous_11)
FNF:12
FNH:12
FNDA:111,generateId
FNDA:5,resetIdCounter
FNDA:4,addTodo
FNDA:4,toggleTodo
FNDA:6,(anonymous_4)
FNDA:3,deleteTodo
FNDA:5,(anonymous_6)
FNDA:53,filterTodos
FNDA:9,(anonymous_8)
FNDA:7,(anonymous_9)
FNDA:3,getCompletedCount
FNDA:6,(anonymous_11)
DA:1,6
DA:8,111
DA:15,5
DA:25,4
DA:39,4
DA:40,6
DA:51,5
DA:61,53
DA:63,9
DA:65,7
DA:67,47
DA:77,6
LF:12
LH:12
BRDA:40,0,0,4
BRDA:40,0,1,2
BRDA:61,1,0,3
BRDA:61,1,1,3
BRDA:61,1,2,47
BRF:5
BRH:5
end_of_record
