TN:
SF:src/config.js
FNF:0
FNH:0
DA:1,6
LF:1
LH:1
BRF:0
BRH:0
end_of_record
TN:
SF:src/main.js
FN:12,init
FN:18,(anonymous_1)
FN:19,(anonymous_2)
FN:20,(anonymous_3)
FN:23,(anonymous_4)
FNF:5
FNH:1
FNDA:1,init
FNDA:0,(anonymous_1)
FNDA:0,(anonymous_2)
FNDA:0,(anonymous_3)
FNDA:0,(anonymous_4)
DA:13,1
DA:15,1
DA:18,0
DA:19,0
DA:20,0
DA:23,0
DA:24,0
DA:25,0
DA:28,0
DA:31,1
DA:32,0
DA:34,1
LF:12
LH:4
BRDA:15,0,0,1
BRDA:15,0,1,0
BRDA:31,1,0,0
BRDA:31,1,1,1
BRF:4
BRH:2
end_of_record
TN:
SF:src/components/AppShell.js
FN:6,(anonymous_0)
FN:60,(anonymous_1)
FN:65,(anonymous_2)
FN:71,(anonymous_3)
FN:72,(anonymous_4)
FN:92,(anonymous_5)
FN:128,(anonymous_6)
FNF:7
FNH:4
FNDA:12,(anonymous_0)
FNDA:63,(anonymous_1)
FNDA:0,(anonymous_2)
FNDA:0,(anonymous_3)
FNDA:0,(anonymous_4)
FNDA:189,(anonymous_5)
FNDA:8,(anonymous_6)
DA:4,12
DA:7,12
DA:8,12
DA:9,12
DA:10,12
DA:14,12
DA:54,12
DA:55,12
DA:60,12
DA:61,63
DA:65,12
DA:66,0
DA:71,0
DA:72,0
DA:73,0
DA:74,0
DA:75,0
DA:76,0
DA:77,0
DA:80,0
DA:81,0
DA:87,63
DA:88,63
DA:92,63
DA:93,189
DA:94,189
DA:95,63
DA:97,126
DA:103,63
DA:104,52
DA:105,52
DA:108,63
DA:109,63
DA:111,22
DA:112,22
DA:114,25
DA:115,25
DA:117,16
DA:118,16
DA:121,63
DA:122,63
DA:123,63
DA:124,63
DA:129,8
DA:130,8
DA:136,2
LF:46
LH:36
BRDA:75,0,0,0
BRDA:75,0,1,0
BRDA:94,1,0,63
BRDA:94,1,1,126
BRDA:103,2,0,52
BRDA:103,2,1,11
BRDA:109,3,0,22
BRDA:109,3,1,25
BRDA:109,3,2,16
BRDA:121,4,0,63
BRDA:121,4,1,0
BRF:11
BRH:8
end_of_record
TN:
SF:src/components/NavLink.js
FN:4,(anonymous_0)
FN:8,(anonymous_1)
FN:14,(anonymous_2)
FN:21,(anonymous_3)
FN:53,(anonymous_4)
FNF:5
FNH:4
FNDA:3,(anonymous_0)
FNDA:45,(anonymous_1)
FNDA:45,(anonymous_2)
FNDA:42,(anonymous_3)
FNDA:0,(anonymous_4)
DA:2,45
DA:5,3
DA:9,45
DA:10,45
DA:11,45
DA:15,45
DA:16,45
DA:17,45
DA:22,42
DA:23,42
DA:24,42
DA:28,132
DA:51,132
DA:54,0
DA:55,0
DA:56,0
DA:64,42
DA:65,42
DA:66,42
DA:71,3
LF:20
LH:17
BRDA:15,0,0,45
BRDA:15,0,1,0
BRDA:15,1,0,45
BRDA:15,1,1,45
BRDA:16,2,0,45
BRDA:16,2,1,0
BRDA:22,3,0,42
BRDA:22,3,1,0
BRDA:65,4,0,42
BRDA:65,4,1,0
BRF:10
BRH:6
end_of_record
TN:
SF:src/components/TodoInput.js
FN:8,(anonymous_0)
FN:15,(anonymous_1)
FN:19,(anonymous_2)
FN:26,(anonymous_3)
FN:31,(anonymous_4)
FN:84,(anonymous_5)
FN:91,(anonymous_6)
FNF:7
FNH:6
FNDA:0,(anonymous_0)
FNDA:1,(anonymous_1)
FNDA:1,(anonymous_2)
FNDA:14,(anonymous_3)
FNDA:14,(anonymous_4)
FNDA:2,(anonymous_5)
FNDA:3,(anonymous_6)
DA:9,0
DA:13,14
DA:16,1
DA:20,1
DA:21,1
DA:22,1
DA:27,14
DA:28,14
DA:32,14
DA:36,14
DA:40,14
DA:42,14
DA:81,14
DA:82,14
DA:84,14
DA:85,2
DA:86,1
DA:87,1
DA:91,14
DA:92,3
DA:93,2
DA:99,3
DA:100,3
DA:102,3
DA:103,3
DA:104,3
DA:114,3
LF:27
LH:26
BRDA:21,0,0,1
BRDA:21,0,1,0
BRDA:40,1,0,14
BRDA:40,1,1,13
BRDA:85,2,0,1
BRDA:85,2,1,1
BRDA:85,3,0,2
BRDA:85,3,1,2
BRDA:92,4,0,2
BRDA:92,4,1,1
BRDA:100,5,0,0
BRDA:100,5,1,3
BRF:12
BRH:10
end_of_record
TN:
SF:src/components/TodoItem.js
FN:9,(anonymous_0)
FN:14,(anonymous_1)
FN:18,(anonymous_2)
FN:22,(anonymous_3)
FN:89,(anonymous_4)
FN:99,(anonymous_5)
FNF:6
FNH:6
FNDA:10,(anonymous_0)
FNDA:10,(anonymous_1)
FNDA:3,(anonymous_2)
FNDA:22,(anonymous_3)
FNDA:1,(anonymous_4)
FNDA:1,(anonymous_5)
DA:10,10
DA:11,10
DA:15,10
DA:19,3
DA:23,22
DA:24,22
DA:29,10
DA:33,32
DA:34,32
DA:35,32
DA:37,32
DA:85,32
DA:86,32
DA:87,32
DA:89,32
DA:90,1
DA:99,32
DA:100,1
DA:111,3
LF:19
LH:19
BRDA:23,0,0,22
BRDA:23,0,1,0
BRDA:33,1,0,32
BRDA:33,1,1,4
BRDA:35,2,0,32
BRDA:35,2,1,18
BRDA:79,3,0,5
BRDA:79,3,1,27
BRDA:80,4,0,5
BRDA:80,4,1,27
BRF:10
BRH:9
end_of_record
TN:
SF:src/components/TodoList.js
FN:9,(anonymous_0)
FN:14,(anonymous_1)
FN:18,(anonymous_2)
FN:22,(anonymous_3)
FN:63,(anonymous_4)
FNF:5
FNH:5
FNDA:16,(anonymous_0)
FNDA:16,(anonymous_1)
FNDA:3,(anonymous_2)
FNDA:8,(anonymous_3)
FNDA:1,(anonymous_4)
DA:10,16
DA:11,16
DA:15,16
DA:19,3
DA:23,8
DA:24,8
DA:29,16
DA:33,25
DA:34,25
DA:36,25
DA:38,25
DA:47,25
DA:49,25
DA:50,16
DA:51,16
DA:52,16
DA:53,16
DA:55,16
DA:64,1
DA:65,1
DA:69,3
LF:21
LH:21
BRDA:23,0,0,8
BRDA:23,0,1,0
BRDA:33,1,0,25
BRDA:33,1,1,9
BRDA:34,2,0,25
BRDA:34,2,1,2
BRF:6
BRH:5
end_of_record
TN:
SF:src/factory/todoFactory.js
FN:21,todoFactory
FN:34,persist
FN:45,(anonymous_2)
FN:60,(anonymous_3)
FN:68,(anonymous_4)
FN:82,(anonymous_5)
FN:95,(anonymous_6)
FN:108,(anonymous_7)
FN:120,(anonymous_8)
FN:131,(anonymous_9)
FNF:10
FNH:10
FNDA:54,todoFactory
FNDA:46,persist
FNDA:33,(anonymous_2)
FNDA:40,(anonymous_3)
FNDA:3,(anonymous_4)
FNDA:10,(anonymous_5)
FNDA:3,(anonymous_6)
FNDA:30,(anonymous_7)
FNDA:29,(anonymous_8)
FNDA:29,(anonymous_9)
DA:23,54
DA:26,54
DA:27,54
DA:28,2
DA:35,46
DA:36,46
DA:39,54
DA:46,33
DA:51,33
DA:52,33
DA:53,33
DA:61,40
DA:69,3
DA:70,3
DA:71,2
DA:72,2
DA:73,2
DA:83,10
DA:84,10
DA:85,9
DA:86,9
DA:87,9
DA:96,3
DA:97,6
DA:98,2
DA:99,2
DA:109,30
DA:110,30
DA:111,4
DA:113,30
DA:121,29
DA:122,29
DA:123,2
DA:125,29
DA:132,29
DA:133,29
DA:134,29
LF:37
LH:37
BRDA:23,0,0,54
BRDA:23,0,1,52
BRDA:28,1,0,2
BRDA:28,1,1,0
BRDA:35,2,0,0
BRDA:35,2,1,46
BRDA:70,3,0,2
BRDA:70,3,1,1
BRDA:84,4,0,9
BRDA:84,4,1,1
BRDA:97,5,0,2
BRDA:97,5,1,4
BRDA:111,6,0,3
BRDA:111,6,1,1
BRDA:123,7,0,1
BRDA:123,7,1,1
BRF:16
BRH:14
end_of_record
TN:
SF:src/pages/about/PageAbout.js
FN:2,(anonymous_0)
FNF:1
FNH:1
FNDA:29,(anonymous_0)
DA:3,29
DA:4,29
DA:5,29
DA:9,29
DA:56,3
LF:5
LH:5
BRF:0
BRH:0
end_of_record
TN:
SF:src/pages/settings/PageSettings.js
FN:4,(anonymous_0)
FN:12,(anonymous_1)
FNF:2
FNH:2
FNDA:25,(anonymous_0)
FNDA:5,(anonymous_1)
DA:5,25
DA:6,25
DA:7,25
DA:8,25
DA:12,25
DA:13,5
DA:14,5
DA:15,3
DA:16,3
DA:19,2
DA:20,2
DA:21,2
DA:22,1
DA:23,1
DA:26,1
DA:27,1
DA:28,1
DA:29,1
DA:35,25
DA:167,3
LF:20
LH:20
BRDA:14,0,0,3
BRDA:14,0,1,2
BRDA:21,1,0,1
BRDA:21,1,1,1
BRDA:27,2,0,1
BRDA:27,2,1,0
BRF:6
BRH:5
end_of_record
TN:
SF:src/pages/todo/PageTodo.js
FN:7,(anonymous_0)
FN:15,(anonymous_1)
FN:21,(anonymous_2)
FN:27,(anonymous_3)
FN:33,(anonymous_4)
FNF:5
FNH:1
FNDA:27,(anonymous_0)
FNDA:0,(anonymous_1)
FNDA:0,(anonymous_2)
FNDA:0,(anonymous_3)
FNDA:0,(anonymous_4)
DA:4,27
DA:5,27
DA:8,27
DA:9,27
DA:10,27
DA:11,27
DA:15,27
DA:16,0
DA:17,0
DA:18,0
DA:21,27
DA:22,0
DA:23,0
DA:24,0
DA:27,27
DA:28,0
DA:29,0
DA:30,0
DA:33,27
DA:34,0
DA:36,0
DA:37,0
DA:38,0
DA:39,0
DA:40,0
DA:43,0
DA:44,0
DA:45,0
DA:46,0
DA:52,27
DA:54,27
DA:116,27
DA:120,0
DA:121,0
DA:122,0
DA:123,0
DA:125,0
DA:129,27
DA:130,27
DA:132,27
DA:133,27
DA:135,27
DA:136,27
DA:140,3
LF:44
LH:20
BRDA:37,0,0,0
BRDA:37,0,1,0
BRDA:44,1,0,0
BRDA:44,1,1,0
BRDA:104,2,0,27
BRDA:104,2,1,0
BRDA:105,3,0,0
BRDA:105,3,1,27
BRDA:106,4,0,0
BRDA:106,4,1,27
BRDA:122,5,0,0
BRDA:122,5,1,0
BRDA:133,6,0,27
BRDA:133,6,1,0
BRDA:136,7,0,0
BRDA:136,7,1,27
BRF:16
BRH:5
end_of_record
TN:
SF:src/service/storageService.js
FN:22,(anonymous_0)
FN:36,(anonymous_1)
FN:44,(anonymous_2)
FN:52,(anonymous_3)
FNF:4
FNH:4
FNDA:58,(anonymous_0)
FNDA:49,(anonymous_1)
FNDA:55,(anonymous_2)
FNDA:1,(anonymous_3)
DA:3,5
DA:8,5
DA:10,5
DA:11,0
DA:15,5
DA:16,5
DA:23,58
DA:24,57
DA:25,57
DA:26,57
DA:28,1
DA:37,49
DA:38,48
DA:45,55
DA:46,55
DA:53,1
DA:57,5
LF:17
LH:16
BRDA:10,0,0,0
BRDA:10,0,1,5
BRDA:23,1,0,1
BRDA:23,1,1,57
BRDA:26,2,0,4
BRDA:26,2,1,53
BRDA:37,3,0,1
BRDA:37,3,1,48
BRDA:45,4,0,0
BRDA:45,4,1,55
BRF:10
BRH:8
end_of_record
TN:
SF:src/utils/router.js
FN:5,createRouter
FN:16,get
FN:23,start
FN:26,(anonymous_3)
FN:34,navigate
FN:43,handlePath
FN:72,back
FNF:7
FNH:6
FNDA:10,createRouter
FNDA:13,get
FNDA:8,start
FNDA:7,(anonymous_3)
FNDA:10,navigate
FNDA:25,handlePath
FNDA:0,back
DA:7,10
DA:8,10
DA:9,10
DA:17,13
DA:24,8
DA:25,8
DA:26,8
DA:27,8
DA:35,10
DA:36,10
DA:44,25
DA:45,21
DA:47,21
DA:49,21
DA:50,8
DA:51,10
DA:52,8
DA:53,8
DA:58,21
DA:59,21
DA:60,21
DA:63,0
DA:64,0
DA:65,0
DA:73,0
DA:76,10
DA:82,2
LF:27
LH:23
BRDA:24,0,0,0
BRDA:24,0,1,8
BRDA:44,1,0,4
BRDA:44,1,1,21
BRDA:49,2,0,8
BRDA:49,2,1,13
BRDA:49,3,0,21
BRDA:49,3,1,8
BRDA:51,4,0,8
BRDA:51,4,1,2
BRDA:58,5,0,21
BRDA:58,5,1,0
BRDA:63,6,0,0
BRDA:63,6,1,0
BRF:14
BRH:10
end_of_record
TN:
SF:src/utils/todoUtils.js
FN:7,generateId
FN:14,resetIdCounter
FN:24,addTodo
FN:38,toggleTodo
FN:39,(anonymous_4)
FN:50,deleteTodo
FN:51,(anonymous_6)
FN:60,filterTodos
FN:63,(anonymous_8)
FN:65,(anonymous_9)
FN:76,getCompletedCount
FN:77,(anonymous_11)
FNF:12
FNH:12
FNDA:111,generateId
FNDA:5,resetIdCounter
FNDA:4,addTodo
FNDA:4,toggleTodo
FNDA:6,(anonymous_4)
FNDA:3,deleteTodo
FNDA:5,(anonymous_6)
FNDA:29,filterTodos
FNDA:9,(anonymous_8)
FNDA:7,(anonymous_9)
FNDA:3,getCompletedCount
FNDA:6,(anonymous_11)
DA:1,4
DA:8,111
DA:15,5
DA:25,4
DA:39,4
DA:40,6
DA:51,5
DA:61,29
DA:63,9
DA:65,7
DA:67,23
DA:77,6
LF:12
LH:12
BRDA:40,0,0,4
BRDA:40,0,1,2
BRDA:61,1,0,3
BRDA:61,1,1,3
BRDA:61,1,2,23
BRF:5
BRH:5
end_of_record
